<?xml version="1.0" encoding="UTF-8"?>
<!-- Generated by org.testng.reporters.JUnitXMLReporter -->
<testsuite ignored="0" hostname="DESKTOP-FI8UJG3" failures="0" tests="8" name="Test" time="170.109" errors="0" timestamp="2022-05-20T05:33:26 IST">
  <testcase classname="com.project.testSuite.FacebookPostTest" name="FacebookLogin" time="30.412"/>
  <testcase classname="com.project.testSuite.FacebookPostTest" name="FacebookPost" time="14.793"/>
  <testcase classname="com.project.testSuite.WalletHubTest" name="walletHubLogin" time="26.971"/>
  <testcase classname="com.project.testSuite.WalletHubTest" name="verifyReviewAndClickOnStars" time="29.757"/>
  <testcase classname="com.project.testSuite.WalletHubTest" name="reviewWriting" time="23.695"/>
  <testcase classname="com.project.testSuite.WalletHubTest" name="confirmReview" time="30.555"/>
  <testcase classname="com.project.testSuite.WalletHubTest" name="verifyReviewPosted" time="3.16"/>
  <testcase classname="com.project.testSuite.WalletHubTest" name="validateUserProfilePage" time="0.377"/>
</testsuite> <!-- Test -->
