<?xml version="1.0" encoding="UTF-8"?>
<!-- Generated by org.testng.reporters.JUnitXMLReporter -->
<testsuite ignored="0" hostname="DESKTOP-FI8UJG3" failures="0" tests="8" name="Test" time="0.346" errors="0" timestamp="2022-05-22T00:21:16 IST">
  <testcase classname="com.domain.baseClass.BaseClass" name="@BeforeClass setupApplication" time="0.034">
    <failure type="java.lang.Error" message="Unresolved compilation problems: 
	BasicConfigurator cannot be resolved
	DOMConfigurator cannot be resolved
">
      <![CDATA[java.lang.Error: Unresolved compilation problems: 
BasicConfigurator cannot be resolved
DOMConfigurator cannot be resolved

at com.domain.baseClass.BaseClass.setupApplication(BaseClass.java:39)
at java.base/java.util.ArrayList.forEach(ArrayList.java:1511)
... Removed 25 stack frames]]>
    </failure>
  </testcase> <!-- @BeforeClass setupApplication -->
  <testcase classname="com.domain.baseClass.BaseClass" name="@AfterMethod takeScreenShotOnFailure" time="0.0">
    <skipped/>
  </testcase> <!-- @AfterMethod takeScreenShotOnFailure -->
  <testcase classname="com.domain.baseClass.BaseClass" name="@AfterClass closeApplication" time="0.0">
    <skipped/>
  </testcase> <!-- @AfterClass closeApplication -->
  <testcase classname="com.domain.baseClass.BaseClass" name="@BeforeClass setupApplication" time="0.005">
    <failure type="java.lang.Error" message="Unresolved compilation problems: 
	BasicConfigurator cannot be resolved
	DOMConfigurator cannot be resolved
">
      <![CDATA[java.lang.Error: Unresolved compilation problems: 
BasicConfigurator cannot be resolved
DOMConfigurator cannot be resolved

at com.domain.baseClass.BaseClass.setupApplication(BaseClass.java:39)
at java.base/java.util.ArrayList.forEach(ArrayList.java:1511)
... Removed 25 stack frames]]>
    </failure>
  </testcase> <!-- @BeforeClass setupApplication -->
  <testcase classname="com.domain.baseClass.BaseClass" name="@AfterMethod takeScreenShotOnFailure" time="0.0">
    <skipped/>
  </testcase> <!-- @AfterMethod takeScreenShotOnFailure -->
  <testcase classname="com.domain.baseClass.BaseClass" name="@AfterClass closeApplication" time="0.0">
    <skipped/>
  </testcase> <!-- @AfterClass closeApplication -->
  <testcase classname="com.project.testSuite.FacebookPostTest" name="FacebookLogin" time="0.001">
    <skipped/>
  </testcase> <!-- FacebookLogin -->
  <testcase classname="com.project.testSuite.FacebookPostTest" name="FacebookPost" time="0.0">
    <skipped/>
  </testcase> <!-- FacebookPost -->
  <testcase classname="com.project.testSuite.WalletHubTest" name="walletHubLogin" time="0.0">
    <skipped/>
  </testcase> <!-- walletHubLogin -->
  <testcase classname="com.project.testSuite.WalletHubTest" name="verifyReviewAndClickOnStars" time="0.0">
    <skipped/>
  </testcase> <!-- verifyReviewAndClickOnStars -->
  <testcase classname="com.project.testSuite.WalletHubTest" name="reviewWriting" time="0.0">
    <skipped/>
  </testcase> <!-- reviewWriting -->
  <testcase classname="com.project.testSuite.WalletHubTest" name="confirmReview" time="0.0">
    <skipped/>
  </testcase> <!-- confirmReview -->
  <testcase classname="com.project.testSuite.WalletHubTest" name="verifyReviewPosted" time="0.001">
    <skipped/>
  </testcase> <!-- verifyReviewPosted -->
  <testcase classname="com.project.testSuite.WalletHubTest" name="validateUserProfilePage" time="0.001">
    <skipped/>
  </testcase> <!-- validateUserProfilePage -->
</testsuite> <!-- Test -->
