<?xml version="1.0" encoding="UTF-8"?>
<!-- Generated by org.testng.reporters.JUnitXMLReporter -->
<testsuite ignored="0" hostname="DESKTOP-FI8UJG3" failures="0" tests="8" name="Test" time="121.698" errors="0" timestamp="2022-05-21T10:34:31 IST">
  <testcase classname="com.project.testSuite.FacebookPostTest" name="FacebookLogin" time="12.906"/>
  <testcase classname="com.project.testSuite.FacebookPostTest" name="FacebookPost" time="14.498"/>
  <testcase classname="com.project.testSuite.WalletHubTest" name="walletHubLogin" time="15.177"/>
  <testcase classname="com.project.testSuite.WalletHubTest" name="verifyReviewAndClickOnStars" time="11.652"/>
  <testcase classname="com.project.testSuite.WalletHubTest" name="reviewWriting" time="7.316"/>
  <testcase classname="com.project.testSuite.WalletHubTest" name="confirmReview" time="34.979"/>
  <testcase classname="com.project.testSuite.WalletHubTest" name="verifyReviewPosted" time="4.928"/>
  <testcase classname="com.project.testSuite.WalletHubTest" name="validateUserProfilePage" time="0.202"/>
</testsuite> <!-- Test -->
