<?xml version="1.0" encoding="UTF-8"?>
<!-- Generated by org.testng.reporters.JUnitXMLReporter -->
<testsuite ignored="0" hostname="DESKTOP-FI8UJG3" failures="0" tests="6" name="Test" time="109.458" errors="0" timestamp="2022-05-22T20:44:20 IST">
  <testcase classname="com.project.testSuite.WalletHubTest" name="walletHubLogin" time="17.388"/>
  <testcase classname="com.project.testSuite.WalletHubTest" name="verifyReviewAndClickOnStars" time="39.524"/>
  <testcase classname="com.project.testSuite.WalletHubTest" name="reviewWriting" time="3.401"/>
  <testcase classname="com.project.testSuite.WalletHubTest" name="confirmReview" time="34.394"/>
  <testcase classname="com.project.testSuite.WalletHubTest" name="verifyReviewPosted" time="8.01"/>
  <testcase classname="com.project.testSuite.WalletHubTest" name="validateUserProfilePage" time="0.267"/>
</testsuite> <!-- Test -->
