<?xml version="1.0" encoding="UTF-8"?>
<testng-results ignored="0" total="1" passed="1" failed="0" skipped="0">
  <reporter-output>
    <line>
      <![CDATA[=====Chrome Browser Session Started=====]]>
    </line>
    <line>
      <![CDATA[=====Application Started=====]]>
    </line>
    <line>
      <![CDATA[Hover over the review stars and click operation done.]]>
    </line>
    <line>
      <![CDATA[=====Browser Session End=====]]>
    </line>
  </reporter-output>
  <suite started-at="2022-05-14T18:46:19 IST" name="Suite" finished-at="2022-05-14T18:46:50 IST" duration-ms="31235">
    <groups>
    </groups>
    <test started-at="2022-05-14T18:46:19 IST" name="Test" finished-at="2022-05-14T18:46:50 IST" duration-ms="31235">
      <class name="com.project.testSuite.WalletHubTest">
        <test-method is-config="true" signature="setupApplication(java.lang.String)[pri:0, instance:com.project.testSuite.WalletHubTest@54bff557]" started-at="2022-05-14T18:46:19 IST" name="setupApplication" finished-at="2022-05-14T18:46:22 IST" duration-ms="3534" status="PASS">
          <params>
            <param index="0">
              <value>
                <![CDATA[Chrome]]>
              </value>
            </param>
          </params>
          <reporter-output>
            <line>
              <![CDATA[=====Chrome Browser Session Started=====]]>
            </line>
          </reporter-output>
        </test-method> <!-- setupApplication -->
        <test-method signature="walletHubLogin()[pri:0, instance:com.project.testSuite.WalletHubTest@54bff557]" started-at="2022-05-14T18:46:22 IST" name="walletHubLogin" finished-at="2022-05-14T18:46:50 IST" duration-ms="27632" status="PASS">
          <reporter-output>
            <line>
              <![CDATA[=====Application Started=====]]>
            </line>
            <line>
              <![CDATA[Hover over the review stars and click operation done.]]>
            </line>
          </reporter-output>
        </test-method> <!-- walletHubLogin -->
        <test-method is-config="true" signature="takeScreenShotOnFailure(org.testng.ITestResult)[pri:0, instance:com.project.testSuite.WalletHubTest@54bff557]" started-at="2022-05-14T18:46:50 IST" name="takeScreenShotOnFailure" finished-at="2022-05-14T18:46:50 IST" duration-ms="2" status="PASS">
          <params>
            <param index="0">
              <value>
                <![CDATA[[TestResult name=walletHubLogin status=SUCCESS method=WalletHubTest.walletHubLogin()[pri:0, instance:com.project.testSuite.WalletHubTest@54bff557] output======Application Started=====]]]>
              </value>
            </param>
          </params>
          <reporter-output>
          </reporter-output>
        </test-method> <!-- takeScreenShotOnFailure -->
        <test-method is-config="true" signature="closeApplication()[pri:0, instance:com.project.testSuite.WalletHubTest@54bff557]" started-at="2022-05-14T18:46:50 IST" name="closeApplication" finished-at="2022-05-14T18:46:50 IST" duration-ms="1" status="PASS">
          <reporter-output>
            <line>
              <![CDATA[=====Browser Session End=====]]>
            </line>
          </reporter-output>
        </test-method> <!-- closeApplication -->
      </class> <!-- com.project.testSuite.WalletHubTest -->
    </test> <!-- Test -->
  </suite> <!-- Suite -->
</testng-results>
