<?xml version="1.0" encoding="UTF-8"?>
<testng-results ignored="0" total="6" passed="6" failed="0" skipped="0">
  <reporter-output>
    <line>
      <![CDATA[Move to dropdown element[[ChromeDriver: chrome on WINDOWS (c51cef88e9d8c63b4b67fe7e8f49d3ff)] -> xpath: //span[normalize-space()='Select...']] and perform click operation]]>
    </line>
    <line>
      <![CDATA[Choose Health Insurancefrom dropdown]]>
    </line>
    <line>
      <![CDATA[Random string generated]]>
    </line>
  </reporter-output>
  <suite started-at="2022-05-22T20:42:30 IST" name="Suite" finished-at="2022-05-22T20:44:20 IST" duration-ms="109458">
    <groups>
    </groups>
    <test started-at="2022-05-22T20:42:30 IST" name="Test" finished-at="2022-05-22T20:44:20 IST" duration-ms="109458">
      <class name="com.project.testSuite.WalletHubTest">
        <test-method is-config="true" signature="setupApplication(java.lang.String)[pri:0, instance:com.project.testSuite.WalletHubTest@5778826f]" started-at="2022-05-22T20:42:30 IST" name="setupApplication" finished-at="2022-05-22T20:42:36 IST" duration-ms="5737" status="PASS">
          <params>
            <param index="0">
              <value>
                <![CDATA[chrome]]>
              </value>
            </param>
          </params>
          <reporter-output>
          </reporter-output>
        </test-method> <!-- setupApplication -->
        <test-method signature="walletHubLogin()[pri:0, instance:com.project.testSuite.WalletHubTest@5778826f]" started-at="2022-05-22T20:42:36 IST" name="walletHubLogin" finished-at="2022-05-22T20:42:53 IST" duration-ms="17388" status="PASS">
          <reporter-output>
          </reporter-output>
        </test-method> <!-- walletHubLogin -->
        <test-method is-config="true" signature="takeScreenShotOnFailure(org.testng.ITestResult)[pri:0, instance:com.project.testSuite.WalletHubTest@5778826f]" started-at="2022-05-22T20:42:53 IST" name="takeScreenShotOnFailure" finished-at="2022-05-22T20:42:53 IST" duration-ms="4" status="PASS">
          <params>
            <param index="0">
              <value>
                <![CDATA[[TestResult name=walletHubLogin status=SUCCESS method=WalletHubTest.walletHubLogin()[pri:0, instance:com.project.testSuite.WalletHubTest@5778826f] output={null}]]]>
              </value>
            </param>
          </params>
          <reporter-output>
          </reporter-output>
        </test-method> <!-- takeScreenShotOnFailure -->
        <test-method signature="verifyReviewAndClickOnStars()[pri:0, instance:com.project.testSuite.WalletHubTest@5778826f]" started-at="2022-05-22T20:42:53 IST" name="verifyReviewAndClickOnStars" finished-at="2022-05-22T20:43:33 IST" depends-on-methods="com.project.testSuite.WalletHubTest.walletHubLogin" duration-ms="39524" status="PASS">
          <reporter-output>
          </reporter-output>
        </test-method> <!-- verifyReviewAndClickOnStars -->
        <test-method is-config="true" signature="takeScreenShotOnFailure(org.testng.ITestResult)[pri:0, instance:com.project.testSuite.WalletHubTest@5778826f]" started-at="2022-05-22T20:43:33 IST" name="takeScreenShotOnFailure" finished-at="2022-05-22T20:43:33 IST" duration-ms="1" status="PASS">
          <params>
            <param index="0">
              <value>
                <![CDATA[[TestResult name=verifyReviewAndClickOnStars status=SUCCESS method=WalletHubTest.verifyReviewAndClickOnStars()[pri:0, instance:com.project.testSuite.WalletHubTest@5778826f] output={null}]]]>
              </value>
            </param>
          </params>
          <reporter-output>
          </reporter-output>
        </test-method> <!-- takeScreenShotOnFailure -->
        <test-method signature="reviewWriting()[pri:0, instance:com.project.testSuite.WalletHubTest@5778826f]" started-at="2022-05-22T20:43:33 IST" name="reviewWriting" finished-at="2022-05-22T20:43:36 IST" depends-on-methods="com.project.testSuite.WalletHubTest.verifyReviewAndClickOnStars" duration-ms="3401" status="PASS">
          <reporter-output>
            <line>
              <![CDATA[Move to dropdown element[[ChromeDriver: chrome on WINDOWS (c51cef88e9d8c63b4b67fe7e8f49d3ff)] -> xpath: //span[normalize-space()='Select...']] and perform click operation]]>
            </line>
            <line>
              <![CDATA[Choose Health Insurancefrom dropdown]]>
            </line>
            <line>
              <![CDATA[Random string generated]]>
            </line>
          </reporter-output>
        </test-method> <!-- reviewWriting -->
        <test-method is-config="true" signature="takeScreenShotOnFailure(org.testng.ITestResult)[pri:0, instance:com.project.testSuite.WalletHubTest@5778826f]" started-at="2022-05-22T20:43:36 IST" name="takeScreenShotOnFailure" finished-at="2022-05-22T20:43:36 IST" duration-ms="0" status="PASS">
          <params>
            <param index="0">
              <value>
                <![CDATA[[TestResult name=reviewWriting status=SUCCESS method=WalletHubTest.reviewWriting()[pri:0, instance:com.project.testSuite.WalletHubTest@5778826f] output=Move to dropdown element[[ChromeDriver: chrome on WINDOWS (c51cef88e9d8c63b4b67fe7e8f49d3ff)] -> xpath: //span[normalize-space()='Select...']] and perform click operation]]]>
              </value>
            </param>
          </params>
          <reporter-output>
          </reporter-output>
        </test-method> <!-- takeScreenShotOnFailure -->
        <test-method signature="confirmReview()[pri:0, instance:com.project.testSuite.WalletHubTest@5778826f]" started-at="2022-05-22T20:43:36 IST" name="confirmReview" finished-at="2022-05-22T20:44:11 IST" depends-on-methods="com.project.testSuite.WalletHubTest.reviewWriting" duration-ms="34394" status="PASS">
          <reporter-output>
          </reporter-output>
        </test-method> <!-- confirmReview -->
        <test-method is-config="true" signature="takeScreenShotOnFailure(org.testng.ITestResult)[pri:0, instance:com.project.testSuite.WalletHubTest@5778826f]" started-at="2022-05-22T20:44:11 IST" name="takeScreenShotOnFailure" finished-at="2022-05-22T20:44:11 IST" duration-ms="0" status="PASS">
          <params>
            <param index="0">
              <value>
                <![CDATA[[TestResult name=confirmReview status=SUCCESS method=WalletHubTest.confirmReview()[pri:0, instance:com.project.testSuite.WalletHubTest@5778826f] output={null}]]]>
              </value>
            </param>
          </params>
          <reporter-output>
          </reporter-output>
        </test-method> <!-- takeScreenShotOnFailure -->
        <test-method signature="verifyReviewPosted()[pri:0, instance:com.project.testSuite.WalletHubTest@5778826f]" started-at="2022-05-22T20:44:11 IST" name="verifyReviewPosted" finished-at="2022-05-22T20:44:19 IST" depends-on-methods="com.project.testSuite.WalletHubTest.confirmReview" duration-ms="8010" status="PASS">
          <reporter-output>
          </reporter-output>
        </test-method> <!-- verifyReviewPosted -->
        <test-method is-config="true" signature="takeScreenShotOnFailure(org.testng.ITestResult)[pri:0, instance:com.project.testSuite.WalletHubTest@5778826f]" started-at="2022-05-22T20:44:19 IST" name="takeScreenShotOnFailure" finished-at="2022-05-22T20:44:19 IST" duration-ms="0" status="PASS">
          <params>
            <param index="0">
              <value>
                <![CDATA[[TestResult name=verifyReviewPosted status=SUCCESS method=WalletHubTest.verifyReviewPosted()[pri:0, instance:com.project.testSuite.WalletHubTest@5778826f] output={null}]]]>
              </value>
            </param>
          </params>
          <reporter-output>
          </reporter-output>
        </test-method> <!-- takeScreenShotOnFailure -->
        <test-method signature="validateUserProfilePage()[pri:0, instance:com.project.testSuite.WalletHubTest@5778826f]" started-at="2022-05-22T20:44:19 IST" name="validateUserProfilePage" finished-at="2022-05-22T20:44:19 IST" depends-on-methods="com.project.testSuite.WalletHubTest.verifyReviewPosted" duration-ms="267" status="PASS">
          <reporter-output>
          </reporter-output>
        </test-method> <!-- validateUserProfilePage -->
        <test-method is-config="true" signature="takeScreenShotOnFailure(org.testng.ITestResult)[pri:0, instance:com.project.testSuite.WalletHubTest@5778826f]" started-at="2022-05-22T20:44:19 IST" name="takeScreenShotOnFailure" finished-at="2022-05-22T20:44:19 IST" duration-ms="0" status="PASS">
          <params>
            <param index="0">
              <value>
                <![CDATA[[TestResult name=validateUserProfilePage status=SUCCESS method=WalletHubTest.validateUserProfilePage()[pri:0, instance:com.project.testSuite.WalletHubTest@5778826f] output={null}]]]>
              </value>
            </param>
          </params>
          <reporter-output>
          </reporter-output>
        </test-method> <!-- takeScreenShotOnFailure -->
        <test-method is-config="true" signature="closeApplication()[pri:0, instance:com.project.testSuite.WalletHubTest@5778826f]" started-at="2022-05-22T20:44:19 IST" name="closeApplication" finished-at="2022-05-22T20:44:20 IST" duration-ms="614" status="PASS">
          <reporter-output>
          </reporter-output>
        </test-method> <!-- closeApplication -->
      </class> <!-- com.project.testSuite.WalletHubTest -->
    </test> <!-- Test -->
  </suite> <!-- Suite -->
</testng-results>
