<?xml version="1.0" encoding="UTF-8"?>
<testng-results ignored="0" total="8" passed="8" failed="0" skipped="0">
  <reporter-output>
    <line>
      <![CDATA[Move to dropdown element[[ChromeDriver: chrome on WINDOWS (60776bf6a0487af68783681ea0a89b6c)] -> xpath: //span[normalize-space()='Select...']] and perform click operation]]>
    </line>
    <line>
      <![CDATA[Choose Health Insurancefrom dropdown]]>
    </line>
    <line>
      <![CDATA[Random string generated]]>
    </line>
  </reporter-output>
  <suite started-at="2022-05-21T10:32:30 IST" name="Suite" finished-at="2022-05-21T10:34:31 IST" duration-ms="121698">
    <groups>
    </groups>
    <test started-at="2022-05-21T10:32:30 IST" name="Test" finished-at="2022-05-21T10:34:31 IST" duration-ms="121698">
      <class name="com.project.testSuite.WalletHubTest">
        <test-method is-config="true" signature="setupApplication(java.lang.String)[pri:0, instance:com.project.testSuite.WalletHubTest@70e9c95d]" started-at="2022-05-21T10:33:13 IST" name="setupApplication" finished-at="2022-05-21T10:33:16 IST" duration-ms="3213" status="PASS">
          <params>
            <param index="0">
              <value>
                <![CDATA[chrome]]>
              </value>
            </param>
          </params>
          <reporter-output>
          </reporter-output>
        </test-method> <!-- setupApplication -->
        <test-method signature="walletHubLogin()[pri:0, instance:com.project.testSuite.WalletHubTest@70e9c95d]" started-at="2022-05-21T10:33:16 IST" name="walletHubLogin" finished-at="2022-05-21T10:33:31 IST" duration-ms="15177" status="PASS">
          <reporter-output>
          </reporter-output>
        </test-method> <!-- walletHubLogin -->
        <test-method is-config="true" signature="takeScreenShotOnFailure(org.testng.ITestResult)[pri:0, instance:com.project.testSuite.WalletHubTest@70e9c95d]" started-at="2022-05-21T10:33:31 IST" name="takeScreenShotOnFailure" finished-at="2022-05-21T10:33:31 IST" duration-ms="2" status="PASS">
          <params>
            <param index="0">
              <value>
                <![CDATA[[TestResult name=walletHubLogin status=SUCCESS method=WalletHubTest.walletHubLogin()[pri:0, instance:com.project.testSuite.WalletHubTest@70e9c95d] output={null}]]]>
              </value>
            </param>
          </params>
          <reporter-output>
          </reporter-output>
        </test-method> <!-- takeScreenShotOnFailure -->
        <test-method signature="verifyReviewAndClickOnStars()[pri:0, instance:com.project.testSuite.WalletHubTest@70e9c95d]" started-at="2022-05-21T10:33:31 IST" name="verifyReviewAndClickOnStars" finished-at="2022-05-21T10:33:43 IST" depends-on-methods="com.project.testSuite.WalletHubTest.walletHubLogin" duration-ms="11652" status="PASS">
          <reporter-output>
          </reporter-output>
        </test-method> <!-- verifyReviewAndClickOnStars -->
        <test-method is-config="true" signature="takeScreenShotOnFailure(org.testng.ITestResult)[pri:0, instance:com.project.testSuite.WalletHubTest@70e9c95d]" started-at="2022-05-21T10:33:43 IST" name="takeScreenShotOnFailure" finished-at="2022-05-21T10:33:43 IST" duration-ms="1" status="PASS">
          <params>
            <param index="0">
              <value>
                <![CDATA[[TestResult name=verifyReviewAndClickOnStars status=SUCCESS method=WalletHubTest.verifyReviewAndClickOnStars()[pri:0, instance:com.project.testSuite.WalletHubTest@70e9c95d] output={null}]]]>
              </value>
            </param>
          </params>
          <reporter-output>
          </reporter-output>
        </test-method> <!-- takeScreenShotOnFailure -->
        <test-method signature="reviewWriting()[pri:0, instance:com.project.testSuite.WalletHubTest@70e9c95d]" started-at="2022-05-21T10:33:43 IST" name="reviewWriting" finished-at="2022-05-21T10:33:50 IST" depends-on-methods="com.project.testSuite.WalletHubTest.verifyReviewAndClickOnStars" duration-ms="7316" status="PASS">
          <reporter-output>
            <line>
              <![CDATA[Move to dropdown element[[ChromeDriver: chrome on WINDOWS (60776bf6a0487af68783681ea0a89b6c)] -> xpath: //span[normalize-space()='Select...']] and perform click operation]]>
            </line>
            <line>
              <![CDATA[Choose Health Insurancefrom dropdown]]>
            </line>
            <line>
              <![CDATA[Random string generated]]>
            </line>
          </reporter-output>
        </test-method> <!-- reviewWriting -->
        <test-method is-config="true" signature="takeScreenShotOnFailure(org.testng.ITestResult)[pri:0, instance:com.project.testSuite.WalletHubTest@70e9c95d]" started-at="2022-05-21T10:33:50 IST" name="takeScreenShotOnFailure" finished-at="2022-05-21T10:33:50 IST" duration-ms="0" status="PASS">
          <params>
            <param index="0">
              <value>
                <![CDATA[[TestResult name=reviewWriting status=SUCCESS method=WalletHubTest.reviewWriting()[pri:0, instance:com.project.testSuite.WalletHubTest@70e9c95d] output=Move to dropdown element[[ChromeDriver: chrome on WINDOWS (60776bf6a0487af68783681ea0a89b6c)] -> xpath: //span[normalize-space()='Select...']] and perform click operation]]]>
              </value>
            </param>
          </params>
          <reporter-output>
          </reporter-output>
        </test-method> <!-- takeScreenShotOnFailure -->
        <test-method signature="confirmReview()[pri:0, instance:com.project.testSuite.WalletHubTest@70e9c95d]" started-at="2022-05-21T10:33:50 IST" name="confirmReview" finished-at="2022-05-21T10:34:25 IST" depends-on-methods="com.project.testSuite.WalletHubTest.reviewWriting" duration-ms="34979" status="PASS">
          <reporter-output>
          </reporter-output>
        </test-method> <!-- confirmReview -->
        <test-method is-config="true" signature="takeScreenShotOnFailure(org.testng.ITestResult)[pri:0, instance:com.project.testSuite.WalletHubTest@70e9c95d]" started-at="2022-05-21T10:34:25 IST" name="takeScreenShotOnFailure" finished-at="2022-05-21T10:34:25 IST" duration-ms="1" status="PASS">
          <params>
            <param index="0">
              <value>
                <![CDATA[[TestResult name=confirmReview status=SUCCESS method=WalletHubTest.confirmReview()[pri:0, instance:com.project.testSuite.WalletHubTest@70e9c95d] output={null}]]]>
              </value>
            </param>
          </params>
          <reporter-output>
          </reporter-output>
        </test-method> <!-- takeScreenShotOnFailure -->
        <test-method signature="verifyReviewPosted()[pri:0, instance:com.project.testSuite.WalletHubTest@70e9c95d]" started-at="2022-05-21T10:34:25 IST" name="verifyReviewPosted" finished-at="2022-05-21T10:34:30 IST" depends-on-methods="com.project.testSuite.WalletHubTest.confirmReview" duration-ms="4928" status="PASS">
          <reporter-output>
          </reporter-output>
        </test-method> <!-- verifyReviewPosted -->
        <test-method is-config="true" signature="takeScreenShotOnFailure(org.testng.ITestResult)[pri:0, instance:com.project.testSuite.WalletHubTest@70e9c95d]" started-at="2022-05-21T10:34:30 IST" name="takeScreenShotOnFailure" finished-at="2022-05-21T10:34:30 IST" duration-ms="1" status="PASS">
          <params>
            <param index="0">
              <value>
                <![CDATA[[TestResult name=verifyReviewPosted status=SUCCESS method=WalletHubTest.verifyReviewPosted()[pri:0, instance:com.project.testSuite.WalletHubTest@70e9c95d] output={null}]]]>
              </value>
            </param>
          </params>
          <reporter-output>
          </reporter-output>
        </test-method> <!-- takeScreenShotOnFailure -->
        <test-method signature="validateUserProfilePage()[pri:0, instance:com.project.testSuite.WalletHubTest@70e9c95d]" started-at="2022-05-21T10:34:30 IST" name="validateUserProfilePage" finished-at="2022-05-21T10:34:30 IST" depends-on-methods="com.project.testSuite.WalletHubTest.verifyReviewPosted" duration-ms="202" status="PASS">
          <reporter-output>
          </reporter-output>
        </test-method> <!-- validateUserProfilePage -->
        <test-method is-config="true" signature="takeScreenShotOnFailure(org.testng.ITestResult)[pri:0, instance:com.project.testSuite.WalletHubTest@70e9c95d]" started-at="2022-05-21T10:34:30 IST" name="takeScreenShotOnFailure" finished-at="2022-05-21T10:34:30 IST" duration-ms="1" status="PASS">
          <params>
            <param index="0">
              <value>
                <![CDATA[[TestResult name=validateUserProfilePage status=SUCCESS method=WalletHubTest.validateUserProfilePage()[pri:0, instance:com.project.testSuite.WalletHubTest@70e9c95d] output={null}]]]>
              </value>
            </param>
          </params>
          <reporter-output>
          </reporter-output>
        </test-method> <!-- takeScreenShotOnFailure -->
        <test-method is-config="true" signature="closeApplication()[pri:0, instance:com.project.testSuite.WalletHubTest@70e9c95d]" started-at="2022-05-21T10:34:30 IST" name="closeApplication" finished-at="2022-05-21T10:34:31 IST" duration-ms="967" status="PASS">
          <reporter-output>
          </reporter-output>
        </test-method> <!-- closeApplication -->
      </class> <!-- com.project.testSuite.WalletHubTest -->
      <class name="com.project.testSuite.FacebookPostTest">
        <test-method is-config="true" signature="setupApplication(java.lang.String)[pri:0, instance:com.project.testSuite.FacebookPostTest@534a5a98]" started-at="2022-05-21T10:32:30 IST" name="setupApplication" finished-at="2022-05-21T10:32:43 IST" duration-ms="13537" status="PASS">
          <params>
            <param index="0">
              <value>
                <![CDATA[chrome]]>
              </value>
            </param>
          </params>
          <reporter-output>
          </reporter-output>
        </test-method> <!-- setupApplication -->
        <test-method signature="FacebookLogin()[pri:0, instance:com.project.testSuite.FacebookPostTest@534a5a98]" started-at="2022-05-21T10:32:43 IST" name="FacebookLogin" finished-at="2022-05-21T10:32:56 IST" duration-ms="12906" status="PASS">
          <reporter-output>
          </reporter-output>
        </test-method> <!-- FacebookLogin -->
        <test-method is-config="true" signature="takeScreenShotOnFailure(org.testng.ITestResult)[pri:0, instance:com.project.testSuite.FacebookPostTest@534a5a98]" started-at="2022-05-21T10:32:56 IST" name="takeScreenShotOnFailure" finished-at="2022-05-21T10:32:56 IST" duration-ms="2" status="PASS">
          <params>
            <param index="0">
              <value>
                <![CDATA[[TestResult name=FacebookLogin status=SUCCESS method=FacebookPostTest.FacebookLogin()[pri:0, instance:com.project.testSuite.FacebookPostTest@534a5a98] output={null}]]]>
              </value>
            </param>
          </params>
          <reporter-output>
          </reporter-output>
        </test-method> <!-- takeScreenShotOnFailure -->
        <test-method signature="FacebookPost()[pri:0, instance:com.project.testSuite.FacebookPostTest@534a5a98]" started-at="2022-05-21T10:32:56 IST" name="FacebookPost" finished-at="2022-05-21T10:33:11 IST" depends-on-methods="com.project.testSuite.FacebookPostTest.FacebookLogin" duration-ms="14498" status="PASS">
          <reporter-output>
          </reporter-output>
        </test-method> <!-- FacebookPost -->
        <test-method is-config="true" signature="takeScreenShotOnFailure(org.testng.ITestResult)[pri:0, instance:com.project.testSuite.FacebookPostTest@534a5a98]" started-at="2022-05-21T10:33:11 IST" name="takeScreenShotOnFailure" finished-at="2022-05-21T10:33:11 IST" duration-ms="0" status="PASS">
          <params>
            <param index="0">
              <value>
                <![CDATA[[TestResult name=FacebookPost status=SUCCESS method=FacebookPostTest.FacebookPost()[pri:0, instance:com.project.testSuite.FacebookPostTest@534a5a98] output={null}]]]>
              </value>
            </param>
          </params>
          <reporter-output>
          </reporter-output>
        </test-method> <!-- takeScreenShotOnFailure -->
        <test-method is-config="true" signature="closeApplication()[pri:0, instance:com.project.testSuite.FacebookPostTest@534a5a98]" started-at="2022-05-21T10:33:11 IST" name="closeApplication" finished-at="2022-05-21T10:33:13 IST" duration-ms="2151" status="PASS">
          <reporter-output>
          </reporter-output>
        </test-method> <!-- closeApplication -->
      </class> <!-- com.project.testSuite.FacebookPostTest -->
    </test> <!-- Test -->
  </suite> <!-- Suite -->
</testng-results>
