<?xml version="1.0" encoding="UTF-8"?>
<!-- Generated by org.testng.reporters.JUnitReportReporter -->
<testsuite hostname="DESKTOP-FI8UJG3" failures="0" tests="2" name="com.project.testSuite.FacebookPostTest" time="27.406" errors="0" timestamp="2022-05-21T10:34:32 IST" skipped="0">
  <testcase classname="com.project.testSuite.FacebookPostTest" name="FacebookLogin" time="12.908"/>
  <system-out/>
  <testcase classname="com.project.testSuite.FacebookPostTest" name="FacebookPost" time="14.498"/>
  <system-out/>
</testsuite> <!-- com.project.testSuite.FacebookPostTest -->
