<?xml version="1.0" encoding="UTF-8"?>
<!-- Generated by org.testng.reporters.JUnitReportReporter -->
<testsuite hostname="DESKTOP-FI8UJG3" failures="0" tests="6" name="com.project.testSuite.WalletHubTest" time="102.989" errors="0" timestamp="2022-05-22T20:44:20 IST" skipped="0">
  <testcase classname="com.project.testSuite.WalletHubTest" name="reviewWriting" time="3.401"/>
  <system-out>
    <![CDATA[Move to dropdown element[[ChromeDriver: chrome on WINDOWS (c51cef88e9d8c63b4b67fe7e8f49d3ff)] -> xpath: //span[normalize-space()='Select...']] and perform click operation
Choose Health Insurancefrom dropdown
Random string generated]]>
  </system-out>
  <testcase classname="com.project.testSuite.WalletHubTest" name="validateUserProfilePage" time="0.267"/>
  <system-out/>
  <testcase classname="com.project.testSuite.WalletHubTest" name="confirmReview" time="34.394"/>
  <system-out/>
  <testcase classname="com.project.testSuite.WalletHubTest" name="verifyReviewPosted" time="8.014"/>
  <system-out/>
  <testcase classname="com.project.testSuite.WalletHubTest" name="walletHubLogin" time="17.389"/>
  <system-out/>
  <testcase classname="com.project.testSuite.WalletHubTest" name="verifyReviewAndClickOnStars" time="39.524"/>
  <system-out/>
</testsuite> <!-- com.project.testSuite.WalletHubTest -->
