<?xml version="1.0" encoding="UTF-8"?>
<!-- Generated by org.testng.reporters.JUnitReportReporter -->
<testsuite hostname="DESKTOP-FI8UJG3" failures="0" tests="2" name="com.project.testSuite.FacebookPostTest" time="45.207" errors="0" timestamp="2022-05-20T05:33:26 IST" skipped="0">
  <testcase classname="com.project.testSuite.FacebookPostTest" name="FacebookPost" time="14.793"/>
  <system-out/>
  <testcase classname="com.project.testSuite.FacebookPostTest" name="FacebookLogin" time="30.414"/>
  <system-out/>
</testsuite> <!-- com.project.testSuite.FacebookPostTest -->
