<?xml version="1.0" encoding="UTF-8"?>
<!-- Generated by org.testng.reporters.JUnitReportReporter -->
<testsuite hostname="DESKTOP-FI8UJG3" failures="0" tests="6" name="com.project.testSuite.WalletHubTest" time="74.260" errors="0" timestamp="2022-05-21T10:34:32 IST" skipped="0">
  <testcase classname="com.project.testSuite.WalletHubTest" name="confirmReview" time="34.981"/>
  <system-out/>
  <testcase classname="com.project.testSuite.WalletHubTest" name="walletHubLogin" time="15.178"/>
  <system-out/>
  <testcase classname="com.project.testSuite.WalletHubTest" name="verifyReviewPosted" time="4.929"/>
  <system-out/>
  <testcase classname="com.project.testSuite.WalletHubTest" name="validateUserProfilePage" time="0.203"/>
  <system-out/>
  <testcase classname="com.project.testSuite.WalletHubTest" name="verifyReviewAndClickOnStars" time="11.653"/>
  <system-out/>
  <testcase classname="com.project.testSuite.WalletHubTest" name="reviewWriting" time="7.316"/>
  <system-out>
    <![CDATA[Move to dropdown element[[ChromeDriver: chrome on WINDOWS (60776bf6a0487af68783681ea0a89b6c)] -> xpath: //span[normalize-space()='Select...']] and perform click operation
Choose Health Insurancefrom dropdown
Random string generated]]>
  </system-out>
</testsuite> <!-- com.project.testSuite.WalletHubTest -->
