<?xml version="1.0" encoding="UTF-8"?>
<!-- Generated by org.testng.reporters.JUnitReportReporter -->
<testsuite hostname="DESKTOP-FI8UJG3" failures="0" tests="1" name="com.project.testSuite.TestFacebook" time="15.923" errors="0" timestamp="2022-05-13T19:53:28 IST" skipped="0">
  <testcase classname="com.project.testSuite.TestFacebook" name="FacebookPost" time="15.923"/>
  <system-out>
    <![CDATA[=====Chrome Browser Session Started=====
=====Application Started=====]]>
  </system-out>
</testsuite> <!-- com.project.testSuite.TestFacebook -->
